Using pre-set license
Built from '2021.3/staging' branch; Version is '2021.3.25f1 (68ef2c4f8861) revision 6876972'; Using compiler version '192829333'; Build Type 'Release'
OS: 'Windows 10  (10.0.19045) 64bit Enterprise' Language: 'en' Physical Memory: 16282 MB
BatchMode: 1, IsHumanControllingUs: 0, StartBugReporterOnCrash: 0, Is64bit: 1, IsPro: 1

COMMAND LINE ARGUMENTS:
C:\Program Files\Unity\Hub\Editor\2021.3.25f1\Editor\Unity.exe
-adb2
-batchMode
-noUpm
-name
AssetImportWorker1
-projectPath
C:/Users/powellt1/Documents/COMP5500/Lab_1VR
-logFile
Logs/AssetImportWorker1.log
-srvPort
56170
Successfully changed project path to: C:/Users/powellt1/Documents/COMP5500/Lab_1VR
C:/Users/powellt1/Documents/COMP5500/Lab_1VR
[UnityMemory] Configuration Parameters - Can be set up in boot.config
    "memorysetup-bucket-allocator-granularity=16"
    "memorysetup-bucket-allocator-bucket-count=8"
    "memorysetup-bucket-allocator-block-size=33554432"
    "memorysetup-bucket-allocator-block-count=8"
    "memorysetup-main-allocator-block-size=16777216"
    "memorysetup-thread-allocator-block-size=16777216"
    "memorysetup-gfx-main-allocator-block-size=16777216"
    "memorysetup-gfx-thread-allocator-block-size=16777216"
    "memorysetup-cache-allocator-block-size=4194304"
    "memorysetup-typetree-allocator-block-size=2097152"
    "memorysetup-profiler-bucket-allocator-granularity=16"
    "memorysetup-profiler-bucket-allocator-bucket-count=8"
    "memorysetup-profiler-bucket-allocator-block-size=33554432"
    "memorysetup-profiler-bucket-allocator-block-count=8"
    "memorysetup-profiler-allocator-block-size=16777216"
    "memorysetup-profiler-editor-allocator-block-size=1048576"
    "memorysetup-temp-allocator-size-main=16777216"
    "memorysetup-job-temp-allocator-block-size=2097152"
    "memorysetup-job-temp-allocator-block-size-background=1048576"
    "memorysetup-job-temp-allocator-reduction-small-platforms=262144"
    "memorysetup-temp-allocator-size-background-worker=32768"
    "memorysetup-temp-allocator-size-job-worker=262144"
    "memorysetup-temp-allocator-size-preload-manager=33554432"
    "memorysetup-temp-allocator-size-nav-mesh-worker=65536"
    "memorysetup-temp-allocator-size-audio-worker=65536"
    "memorysetup-temp-allocator-size-cloud-worker=32768"
    "memorysetup-temp-allocator-size-gi-baking-worker=262144"
    "memorysetup-temp-allocator-size-gfx=262144"
Player connection [15128] Host "[IP] 192.168.56.1 [Port] 0 [Flags] 2 [Guid] 2678507561 [EditorId] 2678507561 [Version] 1048832 [Id] WindowsEditor(7,BY1928A75002064) [Debug] 1 [PackageName] WindowsEditor [ProjectName] Editor" joined multi-casting on [225.0.0.222:54997]...

Player connection [15128] Host "[IP] 192.168.56.1 [Port] 0 [Flags] 2 [Guid] 2678507561 [EditorId] 2678507561 [Version] 1048832 [Id] WindowsEditor(7,BY1928A75002064) [Debug] 1 [PackageName] WindowsEditor [ProjectName] Editor" joined alternative multi-casting on [225.0.0.222:34997]...

Refreshing native plugins compatible for Editor in 344.98 ms, found 8 plugins.
Preloading 1 native plugins for Editor in 0.97 ms.
Initialize engine version: 2021.3.25f1 (68ef2c4f8861)
[Subsystems] Discovering subsystems at path C:/Program Files/Unity/Hub/Editor/2021.3.25f1/Editor/Data/Resources/UnitySubsystems
[Subsystems] Discovering subsystems at path C:/Users/powellt1/Documents/COMP5500/Lab_1VR/Assets
GfxDevice: creating device client; threaded=0; jobified=0
Direct3D:
    Version:  Direct3D 11.0 [level 11.1]
    Renderer: NVIDIA GeForce RTX 2070 with Max-Q Design (ID=0x1f10)
    Vendor:   NVIDIA
    VRAM:     8019 MB
    Driver:   31.0.15.3118
Shader 'Oculus/OVRMRCameraFrameLit': fallback shader 'Alpha-Diffuse' not found
Initialize mono
Mono path[0] = 'C:/Program Files/Unity/Hub/Editor/2021.3.25f1/Editor/Data/Managed'
Mono path[1] = 'C:/Program Files/Unity/Hub/Editor/2021.3.25f1/Editor/Data/MonoBleedingEdge/lib/mono/unityjit-win32'
Mono config path = 'C:/Program Files/Unity/Hub/Editor/2021.3.25f1/Editor/Data/MonoBleedingEdge/etc'
Using monoOptions --debugger-agent=transport=dt_socket,embedding=1,server=y,suspend=n,address=127.0.0.1:56364
Begin MonoManager ReloadAssembly
Registering precompiled unity dll's ...
Register platform support module: C:/Program Files/Unity/Hub/Editor/2021.3.25f1/Editor/Data/PlaybackEngines/WindowsStandaloneSupport/UnityEditor.WindowsStandalone.Extensions.dll
Registered in 0.018356 seconds.
Native extension for WindowsStandalone target not found
Refreshing native plugins compatible for Editor in 272.86 ms, found 8 plugins.
Preloading 1 native plugins for Editor in 0.10 ms.
Mono: successfully reloaded assembly
- Completed reload, in  1.828 seconds
Domain Reload Profiling:
	ReloadAssembly (1829ms)
		BeginReloadAssembly (261ms)
			ExecutionOrderSort (0ms)
			DisableScriptedObjects (0ms)
			BackupInstance (0ms)
			ReleaseScriptingObjects (0ms)
			CreateAndSetChildDomain (1ms)
		EndReloadAssembly (1276ms)
			LoadAssemblies (257ms)
			RebuildTransferFunctionScriptingTraits (0ms)
			SetupTypeCache (262ms)
			ReleaseScriptCaches (0ms)
			RebuildScriptCaches (67ms)
			SetupLoadedEditorAssemblies (820ms)
				LogAssemblyErrors (0ms)
				InitializePlatformSupportModulesInManaged (24ms)
				SetLoadedEditorAssemblies (0ms)
				RefreshPlugins (273ms)
				BeforeProcessingInitializeOnLoad (2ms)
				ProcessInitializeOnLoadAttributes (366ms)
				ProcessInitializeOnLoadMethodAttributes (154ms)
				AfterProcessingInitializeOnLoad (0ms)
				EditorAssembliesLoaded (1ms)
			ExecutionOrderSort2 (0ms)
			AwakeInstancesAfterBackupRestoration (0ms)
Platform modules already initialized, skipping
Registering precompiled user dll's ...
Registered in 0.033152 seconds.
Begin MonoManager ReloadAssembly
Symbol file LoadedFromMemory doesn't match image C:\Users\powellt1\Documents\COMP5500\Lab_1VR\Library\PackageCache\com.unity.visualscripting@1.8.0\Editor\VisualScripting.Core\Dependencies\DotNetZip\Unity.VisualScripting.IonicZip.dll
Symbol file LoadedFromMemory doesn't match image C:\Users\powellt1\Documents\COMP5500\Lab_1VR\Library\PackageCache\com.unity.visualscripting@1.8.0\Editor\VisualScripting.Core\Dependencies\YamlDotNet\Unity.VisualScripting.YamlDotNet.dll
Native extension for WindowsStandalone target not found
Refreshing native plugins compatible for Editor in 1.40 ms, found 8 plugins.
Preloading 1 native plugins for Editor in 0.09 ms.
Package Manager log level set to [2]
[XR] OculusXRPlugin: registering subsystems
[XR] Unable to register display lifecyle provider: [1]
[XR] Oculus Input lifecycle provider registered.
[XR] Unable to register input lifecyle provider: [1]
[XR] OVRP version 1.85.0
Mono: successfully reloaded assembly
- Completed reload, in  3.009 seconds
Domain Reload Profiling:
	ReloadAssembly (3011ms)
		BeginReloadAssembly (355ms)
			ExecutionOrderSort (0ms)
			DisableScriptedObjects (20ms)
			BackupInstance (0ms)
			ReleaseScriptingObjects (0ms)
			CreateAndSetChildDomain (41ms)
		EndReloadAssembly (2347ms)
			LoadAssemblies (324ms)
			RebuildTransferFunctionScriptingTraits (0ms)
			SetupTypeCache (778ms)
			ReleaseScriptCaches (1ms)
			RebuildScriptCaches (182ms)
			SetupLoadedEditorAssemblies (1043ms)
				LogAssemblyErrors (0ms)
				InitializePlatformSupportModulesInManaged (8ms)
				SetLoadedEditorAssemblies (1ms)
				RefreshPlugins (2ms)
				BeforeProcessingInitializeOnLoad (244ms)
				ProcessInitializeOnLoadAttributes (723ms)
				ProcessInitializeOnLoadMethodAttributes (49ms)
				AfterProcessingInitializeOnLoad (16ms)
				EditorAssembliesLoaded (0ms)
			ExecutionOrderSort2 (0ms)
			AwakeInstancesAfterBackupRestoration (22ms)
Platform modules already initialized, skipping
========================================================================
Worker process is ready to serve import requests
Shader 'Oculus/OVRMRCameraFrameLit': fallback shader 'Alpha-Diffuse' not found
Launched and connected shader compiler UnityShaderCompiler.exe after 0.12 seconds
Refreshing native plugins compatible for Editor in 11.68 ms, found 8 plugins.
Preloading 1 native plugins for Editor in 0.69 ms.
Unloading 4761 Unused Serialized files (Serialized files now loaded: 0)
Unloading 54 unused Assets / (201.2 KB). Loaded Objects now: 5198.
Memory consumption went from 173.5 MB to 173.3 MB.
Total: 18.232300 ms (FindLiveObjects: 1.500600 ms CreateObjectMapping: 1.153900 ms MarkObjects: 15.198300 ms  DeleteObjects: 0.376600 ms)

AssetImportParameters requested are different than current active one (requested -> active):
  custom:video-decoder-ogg-theora: a1e56fd34408186e4bbccfd4996cb3dc -> 
  custom:container-muxer-webm: aa71ff27fc2769a1b78a27578f13a17b -> 
  custom:container-demuxer-webm: 4f35f7cbe854078d1ac9338744f61a02 -> 
  custom:video-encoder-webm-vp8: eb34c28f22e8b96e1ab97ce403110664 -> 
  custom:audio-encoder-webm-vorbis: bf7c407c2cedff20999df2af8eb42d56 -> 
  custom:framework-win-MediaFoundation: 216162199b28c13a410421893ffa2e32 -> 
  custom:container-demuxer-ogg: 62fdf1f143b41e24485cea50d1cbac27 -> 
  custom:video-decoder-webm-vp8: 9c59270c3fd7afecdb556c50c9e8de78 -> 
  custom:audio-decoder-ogg-vorbis: bf7c407c2cedff20999df2af8eb42d56 -> 
========================================================================
Received Import Request.
  Time since last request: 3746.466758 seconds.
  path: Assets/Oculus/Interaction/Samples/Audio/Prefabs/BasicGesturesSwipeAudio.prefab
  artifactKey: Guid(87f21855284871e4aa142d376bd8f2ab) Importer(815301076,1909f56bfc062723c751e8b465ee728b)
Start importing Assets/Oculus/Interaction/Samples/Audio/Prefabs/BasicGesturesSwipeAudio.prefab using Guid(87f21855284871e4aa142d376bd8f2ab) Importer(815301076,1909f56bfc062723c751e8b465ee728b)  -> (artifact id: '1b5c1d07fbba2bc05f260801980381d7') in 0.629361 seconds 
========================================================================
Received Import Request.
  Time since last request: 0.000094 seconds.
  path: Assets/Oculus/Interaction/OVRIntegration/Runtime/Prefabs/Legacy/InteractionRigOVR.prefab
  artifactKey: Guid(ffe3be6b11cb93446bff4c254b6d9148) Importer(815301076,1909f56bfc062723c751e8b465ee728b)
Start importing Assets/Oculus/Interaction/OVRIntegration/Runtime/Prefabs/Legacy/InteractionRigOVR.prefab using Guid(ffe3be6b11cb93446bff4c254b6d9148) Importer(815301076,1909f56bfc062723c751e8b465ee728b)  -> (artifact id: 'c19b39519599a090c3d21a45f4a28bf0') in 0.101589 seconds 
========================================================================
Received Import Request.
  Time since last request: 0.000368 seconds.
  path: Assets/Oculus/VR/Prefabs/OVRTrackedKeyboard/OVRHandMask_R.prefab
  artifactKey: Guid(f87c1bb867ed6194ea69c0d3a05a6209) Importer(815301076,1909f56bfc062723c751e8b465ee728b)
Start importing Assets/Oculus/VR/Prefabs/OVRTrackedKeyboard/OVRHandMask_R.prefab using Guid(f87c1bb867ed6194ea69c0d3a05a6209) Importer(815301076,1909f56bfc062723c751e8b465ee728b)  -> (artifact id: 'b944426447935244ab272ccc77c7f45a') in 1.206998 seconds 
========================================================================
Received Import Request.
  Time since last request: 0.000031 seconds.
  path: Assets/Oculus/Interaction/Samples/Audio/Prefabs/BasicPokeButtonPressAudio.prefab
  artifactKey: Guid(4b2ec9cc45d57c047b74113a934b6887) Importer(815301076,1909f56bfc062723c751e8b465ee728b)
Start importing Assets/Oculus/Interaction/Samples/Audio/Prefabs/BasicPokeButtonPressAudio.prefab using Guid(4b2ec9cc45d57c047b74113a934b6887) Importer(815301076,1909f56bfc062723c751e8b465ee728b)  -> (artifact id: '5973c4cb3f787499c3f8796f33599b39') in 0.014663 seconds 
========================================================================
Received Import Request.
  Time since last request: 0.000100 seconds.
  path: Assets/Oculus/Interaction/Samples/Audio/Prefabs/BasicPokeToyButtonReleaseAudio.prefab
  artifactKey: Guid(08eeff844ea75dc4192675890988e004) Importer(815301076,1909f56bfc062723c751e8b465ee728b)
Start importing Assets/Oculus/Interaction/Samples/Audio/Prefabs/BasicPokeToyButtonReleaseAudio.prefab using Guid(08eeff844ea75dc4192675890988e004) Importer(815301076,1909f56bfc062723c751e8b465ee728b)  -> (artifact id: '14df546b302c732833e856cc005a0de3') in 0.092014 seconds 
========================================================================
Received Import Request.
  Time since last request: 0.000022 seconds.
  path: Assets/Oculus/VR/Prefabs/OVRCubemapCaptureProbe.prefab
  artifactKey: Guid(7a400e96d4650ff4e827a7e727fad81d) Importer(815301076,1909f56bfc062723c751e8b465ee728b)
Start importing Assets/Oculus/VR/Prefabs/OVRCubemapCaptureProbe.prefab using Guid(7a400e96d4650ff4e827a7e727fad81d) Importer(815301076,1909f56bfc062723c751e8b465ee728b)  -> (artifact id: 'fd6f7055d59e52d88f17b5f64a341d67') in 0.026635 seconds 
========================================================================
Received Import Request.
  Time since last request: 0.000029 seconds.
  path: Assets/Oculus/Interaction/Samples/Audio/Prefabs/BasicPokeToyButtonPressAudio.prefab
  artifactKey: Guid(2c388bdb963a363418437ef4347b4522) Importer(815301076,1909f56bfc062723c751e8b465ee728b)
Start importing Assets/Oculus/Interaction/Samples/Audio/Prefabs/BasicPokeToyButtonPressAudio.prefab using Guid(2c388bdb963a363418437ef4347b4522) Importer(815301076,1909f56bfc062723c751e8b465ee728b)  -> (artifact id: 'f041b2499bb51c533230cd4db3389a99') in 0.066657 seconds 
========================================================================
Received Import Request.
  Time since last request: 0.000068 seconds.
  path: Assets/Oculus/Interaction/OVRIntegration/Runtime/Prefabs/OVRControllerVisual.prefab
  artifactKey: Guid(5eac3d02a7ebc7c4b9a0289fde0e0c82) Importer(815301076,1909f56bfc062723c751e8b465ee728b)
Start importing Assets/Oculus/Interaction/OVRIntegration/Runtime/Prefabs/OVRControllerVisual.prefab using Guid(5eac3d02a7ebc7c4b9a0289fde0e0c82) Importer(815301076,1909f56bfc062723c751e8b465ee728b)  -> (artifact id: '51dda843db7f1b94642e114a545c61f8') in 3.351229 seconds 
========================================================================
Received Import Request.
  Time since last request: 0.000106 seconds.
  path: Assets/Oculus/Interaction/Samples/Objects/Props/HoverButtons.prefab
  artifactKey: Guid(4bf459842f45eb648a8e314fa01c55b6) Importer(815301076,1909f56bfc062723c751e8b465ee728b)
Start importing Assets/Oculus/Interaction/Samples/Objects/Props/HoverButtons.prefab using Guid(4bf459842f45eb648a8e314fa01c55b6) Importer(815301076,1909f56bfc062723c751e8b465ee728b)  -> (artifact id: '292fa5ca43475d3b635bad1c970545b1') in 0.474282 seconds 
========================================================================
Received Import Request.
  Time since last request: 63.056821 seconds.
  path: Assets/Oculus/VR/Materials/Arrow.mat
  artifactKey: Guid(669025377795b574da66d9bb2472fcab) Importer(815301076,1909f56bfc062723c751e8b465ee728b)
Start importing Assets/Oculus/VR/Materials/Arrow.mat using Guid(669025377795b574da66d9bb2472fcab) Importer(815301076,1909f56bfc062723c751e8b465ee728b)  -> (artifact id: '7adf43f998301463f8895bebe585739e') in 0.204411 seconds 
========================================================================
Received Import Request.
  Time since last request: 0.000034 seconds.
  path: Assets/Oculus/SampleFramework/Usage/DistanceGrab/Materials/Ball03WithOutline.mat
  artifactKey: Guid(9cba9da727fd742f5b4083909359be0f) Importer(815301076,1909f56bfc062723c751e8b465ee728b)
Start importing Assets/Oculus/SampleFramework/Usage/DistanceGrab/Materials/Ball03WithOutline.mat using Guid(9cba9da727fd742f5b4083909359be0f) Importer(815301076,1909f56bfc062723c751e8b465ee728b)  -> (artifact id: 'd990c07d2a83528d4554d61751eb7ce5') in 0.171444 seconds 
========================================================================
Received Import Request.
  Time since last request: 0.000111 seconds.
  path: Assets/Oculus/SampleFramework/Usage/Passthrough/Materials/BackgroundSphere.mat
  artifactKey: Guid(039afe42ccf07934083540cfde4596f1) Importer(815301076,1909f56bfc062723c751e8b465ee728b)
Start importing Assets/Oculus/SampleFramework/Usage/Passthrough/Materials/BackgroundSphere.mat using Guid(039afe42ccf07934083540cfde4596f1) Importer(815301076,1909f56bfc062723c751e8b465ee728b)  -> (artifact id: 'f8ca366fdb62cb9320a9c0dbc4d053f0') in 0.049619 seconds 
========================================================================
Received Import Request.
  Time since last request: 0.000032 seconds.
  path: Assets/Oculus/VR/Materials/BasicHandMaterial.mat
  artifactKey: Guid(5ba7d209f622bb44e87b47ce27ee27b7) Importer(815301076,1909f56bfc062723c751e8b465ee728b)
Start importing Assets/Oculus/VR/Materials/BasicHandMaterial.mat using Guid(5ba7d209f622bb44e87b47ce27ee27b7) Importer(815301076,1909f56bfc062723c751e8b465ee728b)  -> (artifact id: '13b501350a04d85eee0b675ee0b5ae68') in 0.448655 seconds 
========================================================================
Received Import Request.
  Time since last request: 0.000100 seconds.
  path: Assets/Oculus/SampleFramework/Usage/SharedAssets/Materials/Ball03.mat
  artifactKey: Guid(d73f8afe478afde498d6b36047a52c73) Importer(815301076,1909f56bfc062723c751e8b465ee728b)
Start importing Assets/Oculus/SampleFramework/Usage/SharedAssets/Materials/Ball03.mat using Guid(d73f8afe478afde498d6b36047a52c73) Importer(815301076,1909f56bfc062723c751e8b465ee728b)  -> (artifact id: 'cd44d5ee5d124d3b5cd6ad8e9eaf5b4c') in 0.742541 seconds 
========================================================================
Received Import Request.
  Time since last request: 0.000110 seconds.
  path: Assets/Oculus/Interaction/Samples/Objects/Environment/Room/Models/backgroundSkyDome.fbx
  artifactKey: Guid(216e64467da9e644b990c6663f483186) Importer(815301076,1909f56bfc062723c751e8b465ee728b)
Start importing Assets/Oculus/Interaction/Samples/Objects/Environment/Room/Models/backgroundSkyDome.fbx using Guid(216e64467da9e644b990c6663f483186) Importer(815301076,1909f56bfc062723c751e8b465ee728b)  -> (artifact id: '62bb16cb6434ff2a30976fefb988603d') in 0.170169 seconds 
========================================================================
Received Import Request.
  Time since last request: 0.000071 seconds.
  path: Assets/Oculus/Interaction/Samples/Objects/Props/CoffeeCup/CoffeeCup.fbx
  artifactKey: Guid(18689f733cbf0774ab1dd44b2bd0043d) Importer(815301076,1909f56bfc062723c751e8b465ee728b)
Start importing Assets/Oculus/Interaction/Samples/Objects/Props/CoffeeCup/CoffeeCup.fbx using Guid(18689f733cbf0774ab1dd44b2bd0043d) Importer(815301076,1909f56bfc062723c751e8b465ee728b)  -> (artifact id: '2102d0fc7c50a90f03033230100d3169') in 0.906671 seconds 
========================================================================
Received Import Request.
  Time since last request: 0.000027 seconds.
  path: Assets/Oculus/Interaction/Samples/Objects/Props/ChessPiece/Materials/ChessPieceMaterial.fbx
  artifactKey: Guid(817c954a31a114577b56080dd5ca87c3) Importer(815301076,1909f56bfc062723c751e8b465ee728b)
Start importing Assets/Oculus/Interaction/Samples/Objects/Props/ChessPiece/Materials/ChessPieceMaterial.fbx using Guid(817c954a31a114577b56080dd5ca87c3) Importer(815301076,1909f56bfc062723c751e8b465ee728b)  -> (artifact id: 'b241a503b4c6a66409454d57f27dd075') in 0.096409 seconds 
========================================================================
Received Import Request.
  Time since last request: 0.000086 seconds.
  path: Assets/Oculus/SampleFramework/Usage/Passthrough/Materials/BlackUnlit.mat
  artifactKey: Guid(646da484d21bf48d887dedfb481d78f8) Importer(815301076,1909f56bfc062723c751e8b465ee728b)
Start importing Assets/Oculus/SampleFramework/Usage/Passthrough/Materials/BlackUnlit.mat using Guid(646da484d21bf48d887dedfb481d78f8) Importer(815301076,1909f56bfc062723c751e8b465ee728b)  -> (artifact id: 'b60bd16c212a88d9f4fd58b07a8c69fe') in 0.093066 seconds 
========================================================================
Received Import Request.
  Time since last request: 0.000081 seconds.
  path: Assets/Oculus/Interaction/Samples/Objects/Props/Box/Models/Box.fbx
  artifactKey: Guid(2711a10ba6518d34cb77d80f3125f3c1) Importer(815301076,1909f56bfc062723c751e8b465ee728b)
Start importing Assets/Oculus/Interaction/Samples/Objects/Props/Box/Models/Box.fbx using Guid(2711a10ba6518d34cb77d80f3125f3c1) Importer(815301076,1909f56bfc062723c751e8b465ee728b)  -> (artifact id: '3339716b996f82f4d0c9fb33605933ee') in 0.137879 seconds 
========================================================================
Received Import Request.
  Time since last request: 0.000087 seconds.
  path: Assets/Oculus/SampleFramework/Usage/Locomotion/Models/BridgePlatform01.fbx
  artifactKey: Guid(45fe47bcb515e419e8d449523fac0782) Importer(815301076,1909f56bfc062723c751e8b465ee728b)
Start importing Assets/Oculus/SampleFramework/Usage/Locomotion/Models/BridgePlatform01.fbx using Guid(45fe47bcb515e419e8d449523fac0782) Importer(815301076,1909f56bfc062723c751e8b465ee728b)  -> (artifact id: '8674b2a650d411b47f047f3a85100351') in 0.116319 seconds 
========================================================================
Received Import Request.
  Time since last request: 0.000045 seconds.
  path: Assets/Oculus/Interaction/Samples/Objects/Props/WaterParticles/BubblePopParticle.fbx
  artifactKey: Guid(72c78ce3c437b6146a8939d3c0881f50) Importer(815301076,1909f56bfc062723c751e8b465ee728b)
Start importing Assets/Oculus/Interaction/Samples/Objects/Props/WaterParticles/BubblePopParticle.fbx using Guid(72c78ce3c437b6146a8939d3c0881f50) Importer(815301076,1909f56bfc062723c751e8b465ee728b)  -> (artifact id: 'dcc485aef7bdfa855ae07627e2e162ac') in 0.073151 seconds 
========================================================================
Received Import Request.
  Time since last request: 0.000030 seconds.
  path: Assets/Oculus/Interaction/Samples/Objects/Environment/Locomotion/Models/BackgroundSkydome.fbx
  artifactKey: Guid(34b453e4d1fa5034abe065de8ae813ef) Importer(815301076,1909f56bfc062723c751e8b465ee728b)
Start importing Assets/Oculus/Interaction/Samples/Objects/Environment/Locomotion/Models/BackgroundSkydome.fbx using Guid(34b453e4d1fa5034abe065de8ae813ef) Importer(815301076,1909f56bfc062723c751e8b465ee728b)  -> (artifact id: 'a6a5c3a05316f7a24d1d62387e9ca796') in 0.084915 seconds 
========================================================================
Received Import Request.
  Time since last request: 0.000023 seconds.
  path: Assets/Oculus/SampleFramework/Usage/Locomotion/Models/BlockSunken_01.fbx
  artifactKey: Guid(2e61cf7303ea3498891f76a09f2fcc60) Importer(815301076,1909f56bfc062723c751e8b465ee728b)
Start importing Assets/Oculus/SampleFramework/Usage/Locomotion/Models/BlockSunken_01.fbx using Guid(2e61cf7303ea3498891f76a09f2fcc60) Importer(815301076,1909f56bfc062723c751e8b465ee728b)  -> (artifact id: '9080ca8c6a2ba1eb3c6419feee6e2e7a') in 0.110156 seconds 
========================================================================
Received Import Request.
  Time since last request: 0.000029 seconds.
  path: Assets/Oculus/SampleFramework/Usage/SceneManager/Materials/Ball Visible.mat
  artifactKey: Guid(393d64b573215e544b8b5cc315e10d68) Importer(815301076,1909f56bfc062723c751e8b465ee728b)
Start importing Assets/Oculus/SampleFramework/Usage/SceneManager/Materials/Ball Visible.mat using Guid(393d64b573215e544b8b5cc315e10d68) Importer(815301076,1909f56bfc062723c751e8b465ee728b)  -> (artifact id: '2333714300a5383c4d5ff72d460e2d1d') in 0.049043 seconds 
========================================================================
Received Import Request.
  Time since last request: 0.000125 seconds.
  path: Assets/Oculus/SampleFramework/Usage/SharedAssets/Models/block_wood_01.fbx
  artifactKey: Guid(6ec0c875cb1c94e40afcad0a0161eb4e) Importer(815301076,1909f56bfc062723c751e8b465ee728b)
Start importing Assets/Oculus/SampleFramework/Usage/SharedAssets/Models/block_wood_01.fbx using Guid(6ec0c875cb1c94e40afcad0a0161eb4e) Importer(815301076,1909f56bfc062723c751e8b465ee728b)  -> (artifact id: '173b9a75524dd6934e94a9c2ef30fd7a') in 0.119171 seconds 
========================================================================
Received Import Request.
  Time since last request: 0.000062 seconds.
  path: Assets/Oculus/Interaction/Samples/Objects/Props/BigStone/Materials/BigStoneMat.mat
  artifactKey: Guid(d786d4ccd0847a64f80d21ee6b07874f) Importer(815301076,1909f56bfc062723c751e8b465ee728b)
Start importing Assets/Oculus/Interaction/Samples/Objects/Props/BigStone/Materials/BigStoneMat.mat using Guid(d786d4ccd0847a64f80d21ee6b07874f) Importer(815301076,1909f56bfc062723c751e8b465ee728b)  -> (artifact id: 'fe093bf939b860e7bcee6a9b6d4ad721') in 0.048537 seconds 
========================================================================
Received Import Request.
  Time since last request: 0.000030 seconds.
  path: Assets/Oculus/SampleFramework/Usage/HandsTrainExample/Materials/BackgroundMaterial.mat
  artifactKey: Guid(e95c781da52e2d14fb2fba44d7476164) Importer(815301076,1909f56bfc062723c751e8b465ee728b)
Start importing Assets/Oculus/SampleFramework/Usage/HandsTrainExample/Materials/BackgroundMaterial.mat using Guid(e95c781da52e2d14fb2fba44d7476164) Importer(815301076,1909f56bfc062723c751e8b465ee728b)  -> (artifact id: '24c8879f554311cd3cba8df346bf43c4') in 0.310550 seconds 
Editor requested this worker to shutdown with reason: Scaling down because of idle timeout
AssetImportWorker is now disconnected from the server
Process exiting
Exiting without the bug reporter. Application will terminate with return code 0